<?xml version="1.0" encoding="UTF-8"?>
<!-- Generated by org.testng.reporters.JUnitReportReporter -->
<testsuite hostname="LAPTOP-RE1HDM9B" name="com.learn.testcases.LoginTest" tests="1" failures="0" timestamp="8 Nov 2019 12:03:30 GMT" time="3.129" errors="0">
  <testcase name="loginAsBankManager" time="3.129" classname="com.learn.testcases.LoginTest"/>
</testsuite> <!-- com.learn.testcases.LoginTest -->
