<?xml version="1.0" encoding="UTF-8"?>
<!-- Generated by org.testng.reporters.JUnitReportReporter -->
<testsuite hostname="LAPTOP-RE1HDM9B" name="com.learn.testcases.BankManagerLoginTest" tests="1" failures="0" timestamp="9 Nov 2019 10:55:11 GMT" time="3.136" errors="0">
  <testcase name="loginAsBankManager" time="3.136" classname="com.learn.testcases.BankManagerLoginTest"/>
</testsuite> <!-- com.learn.testcases.BankManagerLoginTest -->
