<?xml version="1.0" encoding="UTF-8"?>
<!-- Generated by org.testng.reporters.JUnitReportReporter -->
<testsuite hostname="LAPTOP-RE1HDM9B" name="com.learn.testcases.AddCustomerLoginTest" tests="1" failures="0" timestamp="9 Nov 2019 10:55:11 GMT" time="7.052" errors="0">
  <testcase name="addCustomer" time="7.052" classname="com.learn.testcases.AddCustomerLoginTest"/>
</testsuite> <!-- com.learn.testcases.AddCustomerLoginTest -->
