<?xml version="1.0" encoding="UTF-8"?>
<!-- Generated by org.testng.reporters.JUnitReportReporter -->
<testsuite skipped="1" hostname="LAPTOP-RE1HDM9B" name="com.learn.testcases.AddCustomerLoginTest" tests="4" failures="0" timestamp="13 Nov 2019 10:28:03 GMT" time="18.915" errors="0">
  <testcase name="addCustomerTest" time="6.368" classname="com.learn.testcases.AddCustomerLoginTest"/>
  <testcase name="addCustomerTest" time="6.262" classname="com.learn.testcases.AddCustomerLoginTest"/>
  <testcase name="addCustomerTest" time="0.000" classname="com.learn.testcases.AddCustomerLoginTest">
    <skipped/>
  </testcase> <!-- addCustomerTest -->
  <testcase name="addCustomerTest" time="6.285" classname="com.learn.testcases.AddCustomerLoginTest"/>
</testsuite> <!-- com.learn.testcases.AddCustomerLoginTest -->
