<?xml version="1.0" encoding="UTF-8"?>
<!-- Generated by org.testng.reporters.JUnitReportReporter -->
<testsuite skipped="0" hostname="LAPTOP-RE1HDM9B" name="com.learn.testcases.BankManagerLoginTest" tests="1" failures="0" timestamp="13 Nov 2019 10:28:03 GMT" time="0.132" errors="0">
  <testcase name="bankManagerLoginTest" time="0.132" classname="com.learn.testcases.BankManagerLoginTest"/>
</testsuite> <!-- com.learn.testcases.BankManagerLoginTest -->
